<?xml version="1.0" encoding="UTF-8"?>
<testng-results ignored="0" total="9" passed="6" failed="1" skipped="2">
  <reporter-output>
  </reporter-output>
  <suite started-at="2022-11-21T13:58:15 IST" name="Testing Google Apps" finished-at="2022-11-21T13:59:32 IST" duration-ms="76550">
    <groups>
    </groups>
    <test started-at="2022-11-21T13:58:15 IST" name="Regression" finished-at="2022-11-21T13:59:32 IST" duration-ms="76550">
      <class name="newpackage.GoogleTest">
        <test-method is-config="true" signature="BrowserSetup()[pri:0, instance:newpackage.GoogleTest@12468a38]" started-at="2022-11-21T13:58:15 IST" name="BrowserSetup" finished-at="2022-11-21T13:58:32 IST" duration-ms="16765" status="PASS">
          <reporter-output>
          </reporter-output>
        </test-method> <!-- BrowserSetup -->
        <test-method signature="TryPremeium()[pri:1, instance:newpackage.GoogleTest@12468a38]" started-at="2022-11-21T13:58:32 IST" name="TryPremeium" finished-at="2022-11-21T13:58:32 IST" duration-ms="104" status="PASS">
          <reporter-output>
          </reporter-output>
        </test-method> <!-- TryPremeium -->
        <test-method is-config="true" signature="BrowserClose()[pri:0, instance:newpackage.GoogleTest@12468a38]" started-at="2022-11-21T13:58:32 IST" name="BrowserClose" finished-at="2022-11-21T13:58:33 IST" duration-ms="865" status="PASS">
          <reporter-output>
          </reporter-output>
        </test-method> <!-- BrowserClose -->
        <test-method is-config="true" signature="BrowserSetup()[pri:0, instance:newpackage.GoogleTest@12468a38]" started-at="2022-11-21T13:58:33 IST" name="BrowserSetup" finished-at="2022-11-21T13:58:43 IST" duration-ms="9842" status="PASS">
          <reporter-output>
          </reporter-output>
        </test-method> <!-- BrowserSetup -->
        <test-method signature="signin()[pri:2, instance:newpackage.GoogleTest@12468a38]" started-at="2022-11-21T13:58:43 IST" name="signin" finished-at="2022-11-21T13:58:44 IST" depends-on-methods="newpackage.GoogleTest.TryPremeium" duration-ms="1493" status="PASS">
          <reporter-output>
          </reporter-output>
        </test-method> <!-- signin -->
        <test-method is-config="true" signature="BrowserClose()[pri:0, instance:newpackage.GoogleTest@12468a38]" started-at="2022-11-21T13:58:44 IST" name="BrowserClose" finished-at="2022-11-21T13:58:45 IST" duration-ms="684" status="PASS">
          <reporter-output>
          </reporter-output>
        </test-method> <!-- BrowserClose -->
        <test-method is-config="true" signature="BrowserSetup()[pri:0, instance:newpackage.GoogleTest@12468a38]" started-at="2022-11-21T13:58:45 IST" name="BrowserSetup" finished-at="2022-11-21T13:58:54 IST" duration-ms="8978" status="PASS">
          <reporter-output>
          </reporter-output>
        </test-method> <!-- BrowserSetup -->
        <test-method signature="Microsoft()[pri:3, instance:newpackage.GoogleTest@12468a38]" started-at="2022-11-21T13:58:54 IST" name="Microsoft" finished-at="2022-11-21T13:58:54 IST" depends-on-methods="newpackage.GoogleTest.TryPremeium" duration-ms="98" status="PASS">
          <reporter-output>
          </reporter-output>
        </test-method> <!-- Microsoft -->
        <test-method is-config="true" signature="BrowserClose()[pri:0, instance:newpackage.GoogleTest@12468a38]" started-at="2022-11-21T13:58:54 IST" name="BrowserClose" finished-at="2022-11-21T13:58:55 IST" duration-ms="776" status="PASS">
          <reporter-output>
          </reporter-output>
        </test-method> <!-- BrowserClose -->
      </class> <!-- newpackage.GoogleTest -->
      <class name="newpackage.testngdemo1">
        <test-method is-config="true" signature="BrowserSetup()[pri:0, instance:newpackage.testngdemo1@223191a6]" started-at="2022-11-21T13:58:55 IST" name="BrowserSetup" finished-at="2022-11-21T13:59:02 IST" duration-ms="7656" status="PASS">
          <reporter-output>
          </reporter-output>
        </test-method> <!-- BrowserSetup -->
        <test-method signature="checkLogo()[pri:1, instance:newpackage.testngdemo1@223191a6]" started-at="2022-11-21T13:59:02 IST" name="checkLogo" finished-at="2022-11-21T13:59:02 IST" duration-ms="56" status="PASS">
          <reporter-output>
          </reporter-output>
        </test-method> <!-- checkLogo -->
        <test-method is-config="true" signature="BrowserClose()[pri:0, instance:newpackage.testngdemo1@223191a6]" started-at="2022-11-21T13:59:02 IST" name="BrowserClose" finished-at="2022-11-21T13:59:03 IST" duration-ms="722" status="PASS">
          <reporter-output>
          </reporter-output>
        </test-method> <!-- BrowserClose -->
        <test-method is-config="true" signature="BrowserSetup()[pri:0, instance:newpackage.testngdemo1@223191a6]" started-at="2022-11-21T13:59:03 IST" name="BrowserSetup" finished-at="2022-11-21T13:59:11 IST" duration-ms="7527" status="PASS">
          <reporter-output>
          </reporter-output>
        </test-method> <!-- BrowserSetup -->
        <test-method signature="checkText()[pri:2, instance:newpackage.testngdemo1@223191a6]" started-at="2022-11-21T13:59:11 IST" name="checkText" finished-at="2022-11-21T13:59:11 IST" depends-on-methods="newpackage.testngdemo1.checkLogo" duration-ms="40" status="PASS">
          <reporter-output>
          </reporter-output>
        </test-method> <!-- checkText -->
        <test-method is-config="true" signature="BrowserClose()[pri:0, instance:newpackage.testngdemo1@223191a6]" started-at="2022-11-21T13:59:11 IST" name="BrowserClose" finished-at="2022-11-21T13:59:11 IST" duration-ms="694" status="PASS">
          <reporter-output>
          </reporter-output>
        </test-method> <!-- BrowserClose -->
        <test-method is-config="true" signature="BrowserSetup()[pri:0, instance:newpackage.testngdemo1@223191a6]" started-at="2022-11-21T13:59:11 IST" name="BrowserSetup" finished-at="2022-11-21T13:59:19 IST" duration-ms="7606" status="PASS">
          <reporter-output>
          </reporter-output>
        </test-method> <!-- BrowserSetup -->
        <test-method signature="Microsoft()[pri:3, instance:newpackage.testngdemo1@223191a6]" started-at="2022-11-21T13:59:19 IST" name="Microsoft" finished-at="2022-11-21T13:59:19 IST" depends-on-methods="newpackage.testngdemo1.checkLogo" duration-ms="5" status="PASS">
          <reporter-output>
          </reporter-output>
        </test-method> <!-- Microsoft -->
        <test-method is-config="true" signature="BrowserClose()[pri:0, instance:newpackage.testngdemo1@223191a6]" started-at="2022-11-21T13:59:19 IST" name="BrowserClose" finished-at="2022-11-21T13:59:20 IST" duration-ms="698" status="PASS">
          <reporter-output>
          </reporter-output>
        </test-method> <!-- BrowserClose -->
      </class> <!-- newpackage.testngdemo1 -->
      <class name="newpackage.testngdemo2">
        <test-method is-config="true" signature="BrowserSetup()[pri:0, instance:newpackage.testngdemo2@49139829]" started-at="2022-11-21T13:59:20 IST" name="BrowserSetup" finished-at="2022-11-21T13:59:31 IST" duration-ms="11092" status="PASS">
          <reporter-output>
          </reporter-output>
        </test-method> <!-- BrowserSetup -->
        <test-method signature="checkLogo()[pri:1, instance:newpackage.testngdemo2@49139829]" started-at="2022-11-21T13:59:31 IST" name="checkLogo" finished-at="2022-11-21T13:59:31 IST" duration-ms="27" status="FAIL">
          <exception class="org.openqa.selenium.NoSuchElementException">
            <message>
              <![CDATA[Unable to locate element: a.button:nth-child(2)
For documentation on this error, please visit: https://selenium.dev/exceptions/#no_such_element
Build info: version: '4.5.3', revision: '4b786a1e430'
System info: os.name: 'Windows 11', os.arch: 'amd64', os.version: '10.0', java.version: '19.0.1'
Driver info: org.openqa.selenium.firefox.FirefoxDriver
Command: [88e0fc33-658c-4e0c-baab-cc07fd622b84, findElement {using=css selector, value=a.button:nth-child(2)}]
Capabilities {acceptInsecureCerts: true, browserName: firefox, browserVersion: 107.0, moz:accessibilityChecks: false, moz:buildID: 20221110173214, moz:debuggerAddress: 127.0.0.1:2224, moz:geckodriverVersion: 0.32.0, moz:headless: false, moz:platformVersion: 10.0, moz:processID: 45348, moz:profile: C:\Users\Visha\AppData\Loca..., moz:shutdownTimeout: 60000, moz:useNonSpecCompliantPointerOrigin: false, moz:webdriverClick: true, moz:windowless: false, pageLoadStrategy: normal, platformName: WINDOWS, proxy: Proxy(), se:cdp: ws://127.0.0.1:2224/devtool..., se:cdpVersion: 85.0, setWindowRect: true, strictFileInteractability: false, timeouts: {implicit: 0, pageLoad: 300000, script: 30000}, unhandledPromptBehavior: dismiss and notify}
Session ID: 88e0fc33-658c-4e0c-baab-cc07fd622b84]]>
            </message>
            <full-stacktrace>
              <![CDATA[org.openqa.selenium.NoSuchElementException: Unable to locate element: a.button:nth-child(2)
For documentation on this error, please visit: https://selenium.dev/exceptions/#no_such_element
Build info: version: '4.5.3', revision: '4b786a1e430'
System info: os.name: 'Windows 11', os.arch: 'amd64', os.version: '10.0', java.version: '19.0.1'
Driver info: org.openqa.selenium.firefox.FirefoxDriver
Command: [88e0fc33-658c-4e0c-baab-cc07fd622b84, findElement {using=css selector, value=a.button:nth-child(2)}]
Capabilities {acceptInsecureCerts: true, browserName: firefox, browserVersion: 107.0, moz:accessibilityChecks: false, moz:buildID: 20221110173214, moz:debuggerAddress: 127.0.0.1:2224, moz:geckodriverVersion: 0.32.0, moz:headless: false, moz:platformVersion: 10.0, moz:processID: 45348, moz:profile: C:\Users\Visha\AppData\Loca..., moz:shutdownTimeout: 60000, moz:useNonSpecCompliantPointerOrigin: false, moz:webdriverClick: true, moz:windowless: false, pageLoadStrategy: normal, platformName: WINDOWS, proxy: Proxy(), se:cdp: ws://127.0.0.1:2224/devtool..., se:cdpVersion: 85.0, setWindowRect: true, strictFileInteractability: false, timeouts: {implicit: 0, pageLoad: 300000, script: 30000}, unhandledPromptBehavior: dismiss and notify}
Session ID: 88e0fc33-658c-4e0c-baab-cc07fd622b84
at java.base/jdk.internal.reflect.DirectConstructorHandleAccessor.newInstance(DirectConstructorHandleAccessor.java:67)
at java.base/java.lang.reflect.Constructor.newInstanceWithCaller(Constructor.java:500)
at java.base/java.lang.reflect.Constructor.newInstance(Constructor.java:484)
at org.openqa.selenium.remote.codec.w3c.W3CHttpResponseCodec.createException(W3CHttpResponseCodec.java:200)
at org.openqa.selenium.remote.codec.w3c.W3CHttpResponseCodec.decode(W3CHttpResponseCodec.java:133)
at org.openqa.selenium.remote.codec.w3c.W3CHttpResponseCodec.decode(W3CHttpResponseCodec.java:53)
at org.openqa.selenium.remote.HttpCommandExecutor.execute(HttpCommandExecutor.java:184)
at org.openqa.selenium.remote.service.DriverCommandExecutor.invokeExecute(DriverCommandExecutor.java:167)
at org.openqa.selenium.remote.service.DriverCommandExecutor.execute(DriverCommandExecutor.java:142)
at org.openqa.selenium.remote.RemoteWebDriver.execute(RemoteWebDriver.java:541)
at org.openqa.selenium.remote.ElementLocation$ElementFinder$2.findElement(ElementLocation.java:162)
at org.openqa.selenium.remote.ElementLocation.findElement(ElementLocation.java:60)
at org.openqa.selenium.remote.RemoteWebDriver.findElement(RemoteWebDriver.java:365)
at org.openqa.selenium.remote.RemoteWebDriver.findElement(RemoteWebDriver.java:357)
at newpackage.testngdemo2.checkLogo(testngdemo2.java:37)
at java.base/jdk.internal.reflect.DirectMethodHandleAccessor.invoke(DirectMethodHandleAccessor.java:104)
at java.base/java.lang.reflect.Method.invoke(Method.java:578)
at org.testng.internal.MethodInvocationHelper.invokeMethod(MethodInvocationHelper.java:133)
at org.testng.internal.TestInvoker.invokeMethod(TestInvoker.java:598)
at org.testng.internal.TestInvoker.invokeTestMethod(TestInvoker.java:173)
at org.testng.internal.MethodRunner.runInSequence(MethodRunner.java:46)
at org.testng.internal.TestInvoker$MethodInvocationAgent.invoke(TestInvoker.java:824)
at org.testng.internal.TestInvoker.invokeTestMethods(TestInvoker.java:146)
at org.testng.internal.TestMethodWorker.invokeTestMethods(TestMethodWorker.java:146)
at org.testng.internal.TestMethodWorker.run(TestMethodWorker.java:128)
at java.base/java.util.ArrayList.forEach(ArrayList.java:1511)
at org.testng.TestRunner.privateRun(TestRunner.java:794)
at org.testng.TestRunner.run(TestRunner.java:596)
at org.testng.SuiteRunner.runTest(SuiteRunner.java:377)
at org.testng.SuiteRunner.runSequentially(SuiteRunner.java:371)
at org.testng.SuiteRunner.privateRun(SuiteRunner.java:332)
at org.testng.SuiteRunner.run(SuiteRunner.java:276)
at org.testng.SuiteRunnerWorker.runSuite(SuiteRunnerWorker.java:53)
at org.testng.SuiteRunnerWorker.run(SuiteRunnerWorker.java:96)
at org.testng.TestNG.runSuitesSequentially(TestNG.java:1212)
at org.testng.TestNG.runSuitesLocally(TestNG.java:1134)
at org.testng.TestNG.runSuites(TestNG.java:1063)
at org.testng.TestNG.run(TestNG.java:1031)
at org.testng.remote.AbstractRemoteTestNG.run(AbstractRemoteTestNG.java:115)
at org.testng.remote.RemoteTestNG.initAndRun(RemoteTestNG.java:251)
at org.testng.remote.RemoteTestNG.main(RemoteTestNG.java:77)
]]>
            </full-stacktrace>
          </exception> <!-- org.openqa.selenium.NoSuchElementException -->
          <reporter-output>
          </reporter-output>
        </test-method> <!-- checkLogo -->
        <test-method is-config="true" signature="BrowserClose()[pri:0, instance:newpackage.testngdemo2@49139829]" started-at="2022-11-21T13:59:31 IST" name="BrowserClose" finished-at="2022-11-21T13:59:32 IST" duration-ms="739" status="PASS">
          <reporter-output>
          </reporter-output>
        </test-method> <!-- BrowserClose -->
        <test-method signature="checkText()[pri:2, instance:newpackage.testngdemo2@49139829]" started-at="2022-11-21T13:59:32 IST" name="checkText" finished-at="2022-11-21T13:59:32 IST" depends-on-methods="newpackage.testngdemo2.checkLogo" duration-ms="0" status="SKIP">
          <exception class="java.lang.Throwable">
            <message>
              <![CDATA[Method testngdemo2.checkText()[pri:2, instance:newpackage.testngdemo2@49139829] depends on not successfully finished methods]]>
            </message>
            <full-stacktrace>
              <![CDATA[java.lang.Throwable: Method testngdemo2.checkText()[pri:2, instance:newpackage.testngdemo2@49139829] depends on not successfully finished methods
at org.testng.internal.TestInvoker.invokeTestMethods(TestInvoker.java:102)
at org.testng.internal.TestMethodWorker.invokeTestMethods(TestMethodWorker.java:146)
at org.testng.internal.TestMethodWorker.run(TestMethodWorker.java:128)
at java.base/java.util.ArrayList.forEach(ArrayList.java:1511)
at org.testng.TestRunner.privateRun(TestRunner.java:794)
at org.testng.TestRunner.run(TestRunner.java:596)
at org.testng.SuiteRunner.runTest(SuiteRunner.java:377)
at org.testng.SuiteRunner.runSequentially(SuiteRunner.java:371)
at org.testng.SuiteRunner.privateRun(SuiteRunner.java:332)
at org.testng.SuiteRunner.run(SuiteRunner.java:276)
at org.testng.SuiteRunnerWorker.runSuite(SuiteRunnerWorker.java:53)
at org.testng.SuiteRunnerWorker.run(SuiteRunnerWorker.java:96)
at org.testng.TestNG.runSuitesSequentially(TestNG.java:1212)
at org.testng.TestNG.runSuitesLocally(TestNG.java:1134)
at org.testng.TestNG.runSuites(TestNG.java:1063)
at org.testng.TestNG.run(TestNG.java:1031)
at org.testng.remote.AbstractRemoteTestNG.run(AbstractRemoteTestNG.java:115)
at org.testng.remote.RemoteTestNG.initAndRun(RemoteTestNG.java:251)
at org.testng.remote.RemoteTestNG.main(RemoteTestNG.java:77)
]]>
            </full-stacktrace>
          </exception> <!-- java.lang.Throwable -->
          <reporter-output>
          </reporter-output>
        </test-method> <!-- checkText -->
        <test-method signature="Microsoft()[pri:3, instance:newpackage.testngdemo2@49139829]" started-at="2022-11-21T13:59:32 IST" name="Microsoft" finished-at="2022-11-21T13:59:32 IST" depends-on-methods="newpackage.testngdemo2.checkLogo" duration-ms="1" status="SKIP">
          <exception class="java.lang.Throwable">
            <message>
              <![CDATA[Method testngdemo2.Microsoft()[pri:3, instance:newpackage.testngdemo2@49139829] depends on not successfully finished methods]]>
            </message>
            <full-stacktrace>
              <![CDATA[java.lang.Throwable: Method testngdemo2.Microsoft()[pri:3, instance:newpackage.testngdemo2@49139829] depends on not successfully finished methods
at org.testng.internal.TestInvoker.invokeTestMethods(TestInvoker.java:102)
at org.testng.internal.TestMethodWorker.invokeTestMethods(TestMethodWorker.java:146)
at org.testng.internal.TestMethodWorker.run(TestMethodWorker.java:128)
at java.base/java.util.ArrayList.forEach(ArrayList.java:1511)
at org.testng.TestRunner.privateRun(TestRunner.java:794)
at org.testng.TestRunner.run(TestRunner.java:596)
at org.testng.SuiteRunner.runTest(SuiteRunner.java:377)
at org.testng.SuiteRunner.runSequentially(SuiteRunner.java:371)
at org.testng.SuiteRunner.privateRun(SuiteRunner.java:332)
at org.testng.SuiteRunner.run(SuiteRunner.java:276)
at org.testng.SuiteRunnerWorker.runSuite(SuiteRunnerWorker.java:53)
at org.testng.SuiteRunnerWorker.run(SuiteRunnerWorker.java:96)
at org.testng.TestNG.runSuitesSequentially(TestNG.java:1212)
at org.testng.TestNG.runSuitesLocally(TestNG.java:1134)
at org.testng.TestNG.runSuites(TestNG.java:1063)
at org.testng.TestNG.run(TestNG.java:1031)
at org.testng.remote.AbstractRemoteTestNG.run(AbstractRemoteTestNG.java:115)
at org.testng.remote.RemoteTestNG.initAndRun(RemoteTestNG.java:251)
at org.testng.remote.RemoteTestNG.main(RemoteTestNG.java:77)
]]>
            </full-stacktrace>
          </exception> <!-- java.lang.Throwable -->
          <reporter-output>
          </reporter-output>
        </test-method> <!-- Microsoft -->
      </class> <!-- newpackage.testngdemo2 -->
    </test> <!-- Regression -->
  </suite> <!-- Testing Google Apps -->
</testng-results>
